Software/proyectoIoT 2/app/build/intermediates/manifest_merge_blame_file/debug/manifest-merger-blame-debug-report.txt
1<?xml version="1.0" encoding="utf-8"?>
2<manifest xmlns:android="http://schemas.android.com/apk/res/android"
3    package="com.example.proyecto2a"
4    android:versionCode="1"
5    android:versionName="1.0" >
6
7    <uses-sdk
8        android:minSdkVersion="19"
8-->src/main/AndroidManifest.xml
9        android:targetSdkVersion="30" />
9-->src/main/AndroidManifest.xml
10
11    <!--
12         The ACCESS_COARSE/FINE_LOCATION permissions are not required to use
13         Google Maps Android API v2, but you must specify either coarse or fine
14         location permissions for the "MyLocation" functionality.
15    -->
16    <uses-permission android:name="android.permission.ACCESS_FINE_LOCATION" />
16-->src/main/AndroidManifest.xml:10:5-79
16-->src/main/AndroidManifest.xml:10:22-76
17    <uses-permission android:name="android.permission.INTERNET" />
17-->src/main/AndroidManifest.xml:11:5-67
17-->src/main/AndroidManifest.xml:11:22-64
18
19    <!-- Include required permissions for Google Maps API to run. -->
20    <uses-permission android:name="android.permission.ACCESS_NETWORK_STATE" />
20-->[com.google.android.gms:play-services-maps:17.0.0] AndroidManifest.xml:23:5-79
20-->[com.google.android.gms:play-services-maps:17.0.0] AndroidManifest.xml:23:22-76
21
22    <uses-feature
22-->[com.google.android.gms:play-services-maps:17.0.0] AndroidManifest.xml:26:5-28:35
23        android:glEsVersion="0x00020000"
23-->[com.google.android.gms:play-services-maps:17.0.0] AndroidManifest.xml:27:9-41
24        android:required="true" />
24-->[com.google.android.gms:play-services-maps:17.0.0] AndroidManifest.xml:28:9-32
25
26    <application
26-->src/main/AndroidManifest.xml:13:5-70:19
27        android:name="androidx.multidex.MultiDexApplication"
28        android:allowBackup="true"
28-->src/main/AndroidManifest.xml:14:9-35
29        android:appComponentFactory="androidx.core.app.CoreComponentFactory"
29-->[androidx.core:core:1.3.1] AndroidManifest.xml:24:18-86
30        android:debuggable="true"
31        android:icon="@mipmap/ic_launcher"
31-->src/main/AndroidManifest.xml:15:9-43
32        android:label="@string/app_name"
32-->src/main/AndroidManifest.xml:16:9-41
33        android:roundIcon="@mipmap/ic_launcher_round"
33-->src/main/AndroidManifest.xml:17:9-54
34        android:supportsRtl="true"
34-->src/main/AndroidManifest.xml:18:9-35
35        android:testOnly="true"
36        android:theme="@style/Theme.AppCompat.NoActionBar" >
36-->src/main/AndroidManifest.xml:19:9-59
37
38        <!--
39             The API key for Google Maps-based APIs is defined as a string resource.
40             (See the file "res/values/google_maps_api.xml").
41             Note that the API key is linked to the encryption key used to sign the APK.
42             You need a different API key for each encryption key, including the release key that is used to
43             sign the APK for publishing.
44             You can define the keys for the debug and release targets in src/debug/ and src/release/.
45        -->
46        <meta-data
46-->src/main/AndroidManifest.xml:29:9-31:69
47            android:name="com.google.android.gms.version"
47-->src/main/AndroidManifest.xml:30:13-58
48            android:value="@integer/google_play_services_version" />
48-->src/main/AndroidManifest.xml:31:13-66
49        <meta-data
49-->src/main/AndroidManifest.xml:32:9-34:55
50            android:name="com.google.android.geo.API_KEY"
50-->src/main/AndroidManifest.xml:33:13-58
51            android:value="@string/google_maps_key" />
51-->src/main/AndroidManifest.xml:34:13-52
52
53        <activity
53-->src/main/AndroidManifest.xml:35:9-37:52
54            android:name="com.example.proyecto2a.presentacion.ResActivity"
54-->src/main/AndroidManifest.xml:36:13-53
55            android:screenOrientation="portrait" />
55-->src/main/AndroidManifest.xml:37:13-49
56        <activity
56-->src/main/AndroidManifest.xml:39:9-40:51
57            android:name="com.example.proyecto2a.presentacion.MainActivity"
57-->src/main/AndroidManifest.xml:39:19-60
58            android:screenOrientation="portrait" />
58-->src/main/AndroidManifest.xml:40:13-49
59        <activity
59-->src/main/AndroidManifest.xml:42:9-43:52
60            android:name="com.example.proyecto2a.casos_uso.SignIn"
60-->src/main/AndroidManifest.xml:42:19-51
61            android:screenOrientation="portrait" />
61-->src/main/AndroidManifest.xml:43:13-49
62        <activity
62-->src/main/AndroidManifest.xml:44:9-52:20
63            android:name="com.example.proyecto2a.presentacion.SplashScreen"
63-->src/main/AndroidManifest.xml:45:13-54
64            android:screenOrientation="portrait" >
64-->src/main/AndroidManifest.xml:46:13-49
65            <intent-filter>
65-->src/main/AndroidManifest.xml:47:13-51:29
66                <action android:name="android.intent.action.MAIN" />
66-->src/main/AndroidManifest.xml:48:17-69
66-->src/main/AndroidManifest.xml:48:25-66
67
68                <category android:name="android.intent.category.LAUNCHER" />
68-->src/main/AndroidManifest.xml:50:17-77
68-->src/main/AndroidManifest.xml:50:27-74
69            </intent-filter>
70        </activity>
71        <activity
71-->src/main/AndroidManifest.xml:53:9-55:52
72            android:name="com.example.proyecto2a.casos_uso.SignUp"
72-->src/main/AndroidManifest.xml:54:13-45
73            android:screenOrientation="portrait" />
73-->src/main/AndroidManifest.xml:55:13-49
74        <activity
74-->src/main/AndroidManifest.xml:57:9-61:67
75            android:name="com.example.proyecto2a.presentacion.InfoActivity"
75-->src/main/AndroidManifest.xml:58:13-54
76            android:label="Información"
76-->src/main/AndroidManifest.xml:59:13-40
77            android:screenOrientation="portrait"
77-->src/main/AndroidManifest.xml:60:13-49
78            android:theme="@style/Theme.AppCompat.Light.Dialog" />
78-->src/main/AndroidManifest.xml:61:13-64
79        <activity
79-->src/main/AndroidManifest.xml:63:9-65:66
80            android:name="com.example.proyecto2a.casos_uso.Asistente"
80-->src/main/AndroidManifest.xml:63:19-54
81            android:label="¡Contacta con nosotros!"
81-->src/main/AndroidManifest.xml:64:13-52
82            android:theme="@style/Theme.AppCompat.Light.Dialog" />
82-->src/main/AndroidManifest.xml:65:13-64
83
84        <meta-data
84-->src/main/AndroidManifest.xml:67:9-69:57
85            android:name="preloaded_fonts"
85-->src/main/AndroidManifest.xml:68:13-43
86            android:resource="@array/preloaded_fonts" />
86-->src/main/AndroidManifest.xml:69:13-54
87
88        <activity
88-->[com.google.android.gms:play-services-auth:18.1.0] AndroidManifest.xml:23:9-27:75
89            android:name="com.google.android.gms.auth.api.signin.internal.SignInHubActivity"
89-->[com.google.android.gms:play-services-auth:18.1.0] AndroidManifest.xml:24:13-93
90            android:excludeFromRecents="true"
90-->[com.google.android.gms:play-services-auth:18.1.0] AndroidManifest.xml:25:13-46
91            android:exported="false"
91-->[com.google.android.gms:play-services-auth:18.1.0] AndroidManifest.xml:26:13-37
92            android:theme="@android:style/Theme.Translucent.NoTitleBar" />
92-->[com.google.android.gms:play-services-auth:18.1.0] AndroidManifest.xml:27:13-72
93        <!--
94            Service handling Google Sign-In user revocation. For apps that do not integrate with
95            Google Sign-In, this service will never be started.
96        -->
97        <service
97-->[com.google.android.gms:play-services-auth:18.1.0] AndroidManifest.xml:33:9-37:51
98            android:name="com.google.android.gms.auth.api.signin.RevocationBoundService"
98-->[com.google.android.gms:play-services-auth:18.1.0] AndroidManifest.xml:34:13-89
99            android:exported="true"
99-->[com.google.android.gms:play-services-auth:18.1.0] AndroidManifest.xml:35:13-36
100            android:permission="com.google.android.gms.auth.api.signin.permission.REVOCATION_NOTIFICATION"
100-->[com.google.android.gms:play-services-auth:18.1.0] AndroidManifest.xml:36:13-107
101            android:visibleToInstantApps="true" /> <!-- Needs to be explicitly declared on P+ -->
101-->[com.google.android.gms:play-services-auth:18.1.0] AndroidManifest.xml:37:13-48
102        <uses-library
102-->[com.google.android.gms:play-services-maps:17.0.0] AndroidManifest.xml:33:9-35:40
103            android:name="org.apache.http.legacy"
103-->[com.google.android.gms:play-services-maps:17.0.0] AndroidManifest.xml:34:13-50
104            android:required="false" />
104-->[com.google.android.gms:play-services-maps:17.0.0] AndroidManifest.xml:35:13-37
105
106        <service
106-->[com.google.firebase:firebase-firestore:22.0.0] AndroidManifest.xml:17:9-23:19
107            android:name="com.google.firebase.components.ComponentDiscoveryService"
107-->[com.google.firebase:firebase-firestore:22.0.0] AndroidManifest.xml:18:13-84
108            android:directBootAware="true"
108-->[com.google.firebase:firebase-common:19.3.1] AndroidManifest.xml:35:13-43
109            android:exported="false" >
109-->[com.google.firebase:firebase-firestore:22.0.0] AndroidManifest.xml:19:13-37
110            <meta-data
110-->[com.google.firebase:firebase-firestore:22.0.0] AndroidManifest.xml:20:13-22:85
111                android:name="com.google.firebase.components:com.google.firebase.firestore.FirestoreRegistrar"
111-->[com.google.firebase:firebase-firestore:22.0.0] AndroidManifest.xml:21:17-111
112                android:value="com.google.firebase.components.ComponentRegistrar" />
112-->[com.google.firebase:firebase-firestore:22.0.0] AndroidManifest.xml:22:17-82
113            <meta-data
113-->[com.google.firebase:firebase-auth:19.4.0] AndroidManifest.xml:36:13-38:85
114                android:name="com.google.firebase.components:com.google.firebase.auth.FirebaseAuthRegistrar"
114-->[com.google.firebase:firebase-auth:19.4.0] AndroidManifest.xml:37:17-109
115                android:value="com.google.firebase.components.ComponentRegistrar" />
115-->[com.google.firebase:firebase-auth:19.4.0] AndroidManifest.xml:38:17-82
116        </service>
117
118        <activity
118-->[com.google.firebase:firebase-auth:19.4.0] AndroidManifest.xml:24:9-31:50
119            android:name="com.google.firebase.auth.internal.FederatedSignInActivity"
119-->[com.google.firebase:firebase-auth:19.4.0] AndroidManifest.xml:25:13-85
120            android:excludeFromRecents="true"
120-->[com.google.firebase:firebase-auth:19.4.0] AndroidManifest.xml:26:13-46
121            android:exported="true"
121-->[com.google.firebase:firebase-auth:19.4.0] AndroidManifest.xml:27:13-36
122            android:launchMode="singleTask"
122-->[com.google.firebase:firebase-auth:19.4.0] AndroidManifest.xml:28:13-44
123            android:permission="com.google.firebase.auth.api.gms.permission.LAUNCH_FEDERATED_SIGN_IN"
123-->[com.google.firebase:firebase-auth:19.4.0] AndroidManifest.xml:29:13-102
124            android:theme="@android:style/Theme.Translucent.NoTitleBar" />
124-->[com.google.firebase:firebase-auth:19.4.0] AndroidManifest.xml:30:13-72
125        <activity
125-->[com.google.android.gms:play-services-base:17.1.0] AndroidManifest.xml:23:9-26:75
126            android:name="com.google.android.gms.common.api.GoogleApiActivity"
126-->[com.google.android.gms:play-services-base:17.1.0] AndroidManifest.xml:24:13-79
127            android:exported="false"
127-->[com.google.android.gms:play-services-base:17.1.0] AndroidManifest.xml:25:13-37
128            android:theme="@android:style/Theme.Translucent.NoTitleBar" />
128-->[com.google.android.gms:play-services-base:17.1.0] AndroidManifest.xml:26:13-72
129
130        <provider
130-->[com.google.firebase:firebase-common:19.3.1] AndroidManifest.xml:26:9-31:39
131            android:name="com.google.firebase.provider.FirebaseInitProvider"
131-->[com.google.firebase:firebase-common:19.3.1] AndroidManifest.xml:27:13-77
132            android:authorities="com.example.proyecto2a.firebaseinitprovider"
132-->[com.google.firebase:firebase-common:19.3.1] AndroidManifest.xml:28:13-72
133            android:directBootAware="true"
133-->[com.google.firebase:firebase-common:19.3.1] AndroidManifest.xml:29:13-43
134            android:exported="false"
134-->[com.google.firebase:firebase-common:19.3.1] AndroidManifest.xml:30:13-37
135            android:initOrder="100" />
135-->[com.google.firebase:firebase-common:19.3.1] AndroidManifest.xml:31:13-36
136    </application>
137
138</manifest>